<?xml version="1.0" encoding="UTF-8"?>
<!-- Generated by org.testng.reporters.JUnitReportReporter -->
<testsuite hostname="DESKTOP-HHT01AC" failures="0" tests="2" name="package123.TestNGAmaz2" time="264.336" errors="0" timestamp="2022-03-12T18:27:29 IST" skipped="0">
  <testcase classname="package123.TestNGAmaz2" name="test456" time="113.608"/>
  <system-out/>
  <testcase classname="package123.TestNGAmaz2" name="test456" time="150.728"/>
  <system-out/>
</testsuite> <!-- package123.TestNGAmaz2 -->
