<?xml version="1.0" encoding="UTF-8"?>
<!-- Generated by org.testng.reporters.JUnitReportReporter -->
<testsuite hostname="DESKTOP-HHT01AC" failures="0" tests="1" name="package123.Testing" time="0.006" errors="0" timestamp="2022-02-25T13:14:11 IST" skipped="0">
  <testcase classname="package123.Testing" name="test456" time="0.006"/>
  <system-out/>
</testsuite> <!-- package123.Testing -->
